<?xml version="1.0" encoding="UTF-8"?>
<!-- Generated by org.testng.reporters.JUnitReportReporter -->
<testsuite skipped="0" hostname="F9XG882" name="qa.FileHandle" tests="1" failures="0" timestamp="15 Jan 2019 18:46:25 GMT" time="14.237" errors="0">
  <testcase name="downloadFile" time="14.237" classname="qa.FileHandle"/>
</testsuite> <!-- qa.FileHandle -->
